app/build/intermediates/manifest_merge_blame_file/debug/manifest-merger-blame-debug-report.txt
1<?xml version="1.0" encoding="utf-8"?>
2<!-- Assignment Notes: You do not need to edit this file! -->
3<manifest xmlns:android="http://schemas.android.com/apk/res/android"
4    package="csci.cs.twu.edu.coreskills"
5    android:versionCode="1"
6    android:versionName="1.0" >
7
8    <uses-sdk
9        android:minSdkVersion="24"
9-->src\main\AndroidManifest.xml
10        android:targetSdkVersion="29" />
10-->src\main\AndroidManifest.xml
11
12    <uses-permission android:name="android.permission.ACCESS_COARSE_LOCATION" />
12-->src\main\AndroidManifest.xml:9:5-80
12-->src\main\AndroidManifest.xml:9:22-78
13    <uses-permission android:name="android.permission.ACCESS_FINE_LOCATION" />
13-->src\main\AndroidManifest.xml:10:5-78
13-->src\main\AndroidManifest.xml:10:22-76
14    <uses-permission android:name="android.permission.INTERNET" />
14-->src\main\AndroidManifest.xml:11:5-66
14-->src\main\AndroidManifest.xml:11:22-64
15    <uses-permission android:name="android.permission.CAMERA" />
15-->src\main\AndroidManifest.xml:12:5-65
15-->src\main\AndroidManifest.xml:12:22-62
16    <uses-permission android:name="android.permission.ACCESS_NETWORK_STATE" />
16-->src\main\AndroidManifest.xml:13:5-79
16-->src\main\AndroidManifest.xml:13:22-76
17    <uses-permission android:name="android.permission.WRITE_EXTERNAL_STORAGE" />
17-->src\main\AndroidManifest.xml:14:5-81
17-->src\main\AndroidManifest.xml:14:22-78
18    <uses-permission android:name="android.permission.READ_EXTERNAL_STORAGE" />
18-->src\main\AndroidManifest.xml:15:5-80
18-->src\main\AndroidManifest.xml:15:22-77
19
20    <uses-feature
20-->src\main\AndroidManifest.xml:17:5-19:35
21        android:name="android.hardware.camera.any"
21-->src\main\AndroidManifest.xml:18:9-51
22        android:required="true" />
22-->src\main\AndroidManifest.xml:19:9-32
23    <uses-feature
23-->src\main\AndroidManifest.xml:20:5-22:36
24        android:name="android.hardware.camera.autofocus"
24-->src\main\AndroidManifest.xml:21:9-57
25        android:required="false" />
25-->src\main\AndroidManifest.xml:22:9-33
26
27    <uses-permission android:name="android.permission.WAKE_LOCK" />
27-->[com.google.android.gms:play-services-measurement:17.2.3] AndroidManifest.xml:25:5-68
27-->[com.google.android.gms:play-services-measurement:17.2.3] AndroidManifest.xml:25:22-65
28    <uses-permission android:name="com.google.android.finsky.permission.BIND_GET_INSTALL_REFERRER_SERVICE" /> <!-- Required by older versions of Google Play services to create IID tokens -->
28-->[com.google.android.gms:play-services-measurement:17.2.3] AndroidManifest.xml:26:5-110
28-->[com.google.android.gms:play-services-measurement:17.2.3] AndroidManifest.xml:26:22-107
29    <uses-permission android:name="com.google.android.c2dm.permission.RECEIVE" />
29-->[com.google.firebase:firebase-iid:20.0.2] AndroidManifest.xml:26:5-82
29-->[com.google.firebase:firebase-iid:20.0.2] AndroidManifest.xml:26:22-79
30
31    <application
31-->src\main\AndroidManifest.xml:24:5-73:19
32        android:allowBackup="true"
32-->src\main\AndroidManifest.xml:25:9-35
33        android:appComponentFactory="androidx.core.app.CoreComponentFactory"
33-->[androidx.core:core:1.1.0] AndroidManifest.xml:24:18-86
34        android:debuggable="true"
35        android:icon="@mipmap/ic_launcher"
35-->src\main\AndroidManifest.xml:26:9-43
36        android:label="@string/app_name"
36-->src\main\AndroidManifest.xml:27:9-41
37        android:supportsRtl="true"
37-->src\main\AndroidManifest.xml:28:9-35
38        android:testOnly="true"
39        android:theme="@style/AppTheme"
39-->src\main\AndroidManifest.xml:30:9-40
40        android:usesCleartextTraffic="true" >
40-->src\main\AndroidManifest.xml:29:9-44
41        <activity android:name="csci.cs.twu.edu.coreskills.MainActivity" >
41-->src\main\AndroidManifest.xml:33:9-39:20
41-->src\main\AndroidManifest.xml:33:19-73
42            <intent-filter>
42-->src\main\AndroidManifest.xml:34:13-38:29
43                <action android:name="android.intent.action.MAIN" />
43-->src\main\AndroidManifest.xml:35:17-69
43-->src\main\AndroidManifest.xml:35:25-66
44
45                <category android:name="android.intent.category.LAUNCHER" />
45-->src\main\AndroidManifest.xml:37:17-77
45-->src\main\AndroidManifest.xml:37:27-74
46            </intent-filter>
47        </activity>
48        <activity
48-->src\main\AndroidManifest.xml:40:9-42:83
49            android:name="csci.cs.twu.edu.coreskills.GPSActivity"
49-->src\main\AndroidManifest.xml:40:19-72
50            android:label="GPS"
50-->src\main\AndroidManifest.xml:41:13-32
51            android:parentActivityName="csci.cs.twu.edu.coreskills.MainActivity" />
51-->src\main\AndroidManifest.xml:42:13-81
52        <activity
52-->src\main\AndroidManifest.xml:43:9-45:84
53            android:name="csci.cs.twu.edu.coreskills.ShakeActivity"
53-->src\main\AndroidManifest.xml:43:19-74
54            android:label="Shake"
54-->src\main\AndroidManifest.xml:44:13-34
55            android:parentActivityName="csci.cs.twu.edu.coreskills.MainActivity" />
55-->src\main\AndroidManifest.xml:45:13-81
56        <activity
56-->src\main\AndroidManifest.xml:46:9-48:83
57            android:name="csci.cs.twu.edu.coreskills.CameraActivity"
57-->src\main\AndroidManifest.xml:46:19-75
58            android:label="Camera"
58-->src\main\AndroidManifest.xml:47:13-35
59            android:parentActivityName="csci.cs.twu.edu.coreskills.MainActivity" />
59-->src\main\AndroidManifest.xml:48:13-81
60        <activity
60-->src\main\AndroidManifest.xml:49:9-51:83
61            android:name="csci.cs.twu.edu.coreskills.AccelerometerActivity"
61-->src\main\AndroidManifest.xml:49:19-82
62            android:label="Accelerometer"
62-->src\main\AndroidManifest.xml:50:13-42
63            android:parentActivityName="csci.cs.twu.edu.coreskills.MainActivity" />
63-->src\main\AndroidManifest.xml:51:13-81
64        <activity
64-->src\main\AndroidManifest.xml:52:9-54:83
65            android:name="csci.cs.twu.edu.coreskills.WebServiceActivity"
65-->src\main\AndroidManifest.xml:52:19-79
66            android:label="Web Service"
66-->src\main\AndroidManifest.xml:53:13-40
67            android:parentActivityName="csci.cs.twu.edu.coreskills.MainActivity" />
67-->src\main\AndroidManifest.xml:54:13-81
68        <activity
68-->src\main\AndroidManifest.xml:55:9-57:83
69            android:name="csci.cs.twu.edu.coreskills.FirebaseActivity"
69-->src\main\AndroidManifest.xml:55:19-77
70            android:label="Firebase"
70-->src\main\AndroidManifest.xml:56:13-37
71            android:parentActivityName="csci.cs.twu.edu.coreskills.MainActivity" />
71-->src\main\AndroidManifest.xml:57:13-81
72        <activity
72-->src\main\AndroidManifest.xml:58:9-60:83
73            android:name="csci.cs.twu.edu.coreskills.SharedPreferencesActivity"
73-->src\main\AndroidManifest.xml:58:19-86
74            android:label="SharedPreferences"
74-->src\main\AndroidManifest.xml:59:13-46
75            android:parentActivityName="csci.cs.twu.edu.coreskills.MainActivity" />
75-->src\main\AndroidManifest.xml:60:13-81
76        <activity
76-->src\main\AndroidManifest.xml:61:9-63:83
77            android:name="csci.cs.twu.edu.coreskills.SQLiteActivity"
77-->src\main\AndroidManifest.xml:61:19-75
78            android:label="SQLite"
78-->src\main\AndroidManifest.xml:62:13-35
79            android:parentActivityName="csci.cs.twu.edu.coreskills.MainActivity" />
79-->src\main\AndroidManifest.xml:63:13-81
80
81        <provider
81-->src\main\AndroidManifest.xml:64:9-72:20
82            android:name="androidx.core.content.FileProvider"
82-->src\main\AndroidManifest.xml:65:13-62
83            android:authorities="csci.cs.twu.edu.coreskills"
83-->src\main\AndroidManifest.xml:66:13-61
84            android:exported="false"
84-->src\main\AndroidManifest.xml:67:13-37
85            android:grantUriPermissions="true" >
85-->src\main\AndroidManifest.xml:68:13-47
86            <meta-data
86-->src\main\AndroidManifest.xml:69:13-71:53
87                android:name="android.support.FILE_PROVIDER_PATHS"
87-->src\main\AndroidManifest.xml:70:17-67
88                android:resource="@xml/file_paths" />
88-->src\main\AndroidManifest.xml:71:17-51
89        </provider>
90
91        <service
91-->[com.google.firebase:firebase-firestore:21.4.1] AndroidManifest.xml:17:9-23:19
92            android:name="com.google.firebase.components.ComponentDiscoveryService"
92-->[com.google.firebase:firebase-firestore:21.4.1] AndroidManifest.xml:18:13-84
93            android:directBootAware="true"
93-->[com.google.firebase:firebase-common:19.3.0] AndroidManifest.xml:34:13-43
94            android:exported="false" >
94-->[com.google.firebase:firebase-firestore:21.4.1] AndroidManifest.xml:19:13-37
95            <meta-data
95-->[com.google.firebase:firebase-firestore:21.4.1] AndroidManifest.xml:20:13-22:85
96                android:name="com.google.firebase.components:com.google.firebase.firestore.FirestoreRegistrar"
96-->[com.google.firebase:firebase-firestore:21.4.1] AndroidManifest.xml:21:17-111
97                android:value="com.google.firebase.components.ComponentRegistrar" />
97-->[com.google.firebase:firebase-firestore:21.4.1] AndroidManifest.xml:22:17-82
98            <meta-data
98-->[com.google.android.gms:play-services-measurement-api:17.2.3] AndroidManifest.xml:30:13-32:85
99                android:name="com.google.firebase.components:com.google.firebase.analytics.connector.internal.AnalyticsConnectorRegistrar"
99-->[com.google.android.gms:play-services-measurement-api:17.2.3] AndroidManifest.xml:31:17-139
100                android:value="com.google.firebase.components.ComponentRegistrar" />
100-->[com.google.android.gms:play-services-measurement-api:17.2.3] AndroidManifest.xml:32:17-82
101            <meta-data
101-->[com.google.firebase:firebase-iid:20.0.2] AndroidManifest.xml:32:13-34:85
102                android:name="com.google.firebase.components:com.google.firebase.iid.Registrar"
102-->[com.google.firebase:firebase-iid:20.0.2] AndroidManifest.xml:33:17-96
103                android:value="com.google.firebase.components.ComponentRegistrar" />
103-->[com.google.firebase:firebase-iid:20.0.2] AndroidManifest.xml:34:17-82
104        </service>
105
106        <receiver
106-->[com.google.android.gms:play-services-measurement:17.2.3] AndroidManifest.xml:29:9-33:20
107            android:name="com.google.android.gms.measurement.AppMeasurementReceiver"
107-->[com.google.android.gms:play-services-measurement:17.2.3] AndroidManifest.xml:30:13-85
108            android:enabled="true"
108-->[com.google.android.gms:play-services-measurement:17.2.3] AndroidManifest.xml:31:13-35
109            android:exported="false" >
109-->[com.google.android.gms:play-services-measurement:17.2.3] AndroidManifest.xml:32:13-37
110        </receiver>
111        <receiver
111-->[com.google.android.gms:play-services-measurement:17.2.3] AndroidManifest.xml:34:9-42:20
112            android:name="com.google.android.gms.measurement.AppMeasurementInstallReferrerReceiver"
112-->[com.google.android.gms:play-services-measurement:17.2.3] AndroidManifest.xml:35:13-100
113            android:enabled="true"
113-->[com.google.android.gms:play-services-measurement:17.2.3] AndroidManifest.xml:36:13-35
114            android:exported="true"
114-->[com.google.android.gms:play-services-measurement:17.2.3] AndroidManifest.xml:37:13-36
115            android:permission="android.permission.INSTALL_PACKAGES" >
115-->[com.google.android.gms:play-services-measurement:17.2.3] AndroidManifest.xml:38:13-69
116            <intent-filter>
116-->[com.google.android.gms:play-services-measurement:17.2.3] AndroidManifest.xml:39:13-41:29
117                <action android:name="com.android.vending.INSTALL_REFERRER" />
117-->[com.google.android.gms:play-services-measurement:17.2.3] AndroidManifest.xml:40:17-79
117-->[com.google.android.gms:play-services-measurement:17.2.3] AndroidManifest.xml:40:25-76
118            </intent-filter>
119        </receiver>
120
121        <service
121-->[com.google.android.gms:play-services-measurement:17.2.3] AndroidManifest.xml:44:9-47:40
122            android:name="com.google.android.gms.measurement.AppMeasurementService"
122-->[com.google.android.gms:play-services-measurement:17.2.3] AndroidManifest.xml:45:13-84
123            android:enabled="true"
123-->[com.google.android.gms:play-services-measurement:17.2.3] AndroidManifest.xml:46:13-35
124            android:exported="false" />
124-->[com.google.android.gms:play-services-measurement:17.2.3] AndroidManifest.xml:47:13-37
125        <service
125-->[com.google.android.gms:play-services-measurement:17.2.3] AndroidManifest.xml:48:9-52:72
126            android:name="com.google.android.gms.measurement.AppMeasurementJobService"
126-->[com.google.android.gms:play-services-measurement:17.2.3] AndroidManifest.xml:49:13-87
127            android:enabled="true"
127-->[com.google.android.gms:play-services-measurement:17.2.3] AndroidManifest.xml:50:13-35
128            android:exported="false"
128-->[com.google.android.gms:play-services-measurement:17.2.3] AndroidManifest.xml:51:13-37
129            android:permission="android.permission.BIND_JOB_SERVICE" />
129-->[com.google.android.gms:play-services-measurement:17.2.3] AndroidManifest.xml:52:13-69
130
131        <receiver
131-->[com.google.firebase:firebase-iid:20.0.2] AndroidManifest.xml:37:9-44:20
132            android:name="com.google.firebase.iid.FirebaseInstanceIdReceiver"
132-->[com.google.firebase:firebase-iid:20.0.2] AndroidManifest.xml:38:13-78
133            android:exported="true"
133-->[com.google.firebase:firebase-iid:20.0.2] AndroidManifest.xml:39:13-36
134            android:permission="com.google.android.c2dm.permission.SEND" >
134-->[com.google.firebase:firebase-iid:20.0.2] AndroidManifest.xml:40:13-73
135            <intent-filter>
135-->[com.google.firebase:firebase-iid:20.0.2] AndroidManifest.xml:41:13-43:29
136                <action android:name="com.google.android.c2dm.intent.RECEIVE" />
136-->[com.google.firebase:firebase-iid:20.0.2] AndroidManifest.xml:42:17-81
136-->[com.google.firebase:firebase-iid:20.0.2] AndroidManifest.xml:42:25-78
137            </intent-filter>
138        </receiver>
139
140        <activity
140-->[com.google.android.gms:play-services-base:17.0.0] AndroidManifest.xml:23:9-26:75
141            android:name="com.google.android.gms.common.api.GoogleApiActivity"
141-->[com.google.android.gms:play-services-base:17.0.0] AndroidManifest.xml:24:13-79
142            android:exported="false"
142-->[com.google.android.gms:play-services-base:17.0.0] AndroidManifest.xml:25:13-37
143            android:theme="@android:style/Theme.Translucent.NoTitleBar" />
143-->[com.google.android.gms:play-services-base:17.0.0] AndroidManifest.xml:26:13-72
144
145        <provider
145-->[com.google.firebase:firebase-common:19.3.0] AndroidManifest.xml:26:9-30:39
146            android:name="com.google.firebase.provider.FirebaseInitProvider"
146-->[com.google.firebase:firebase-common:19.3.0] AndroidManifest.xml:27:13-77
147            android:authorities="csci.cs.twu.edu.coreskills.firebaseinitprovider"
147-->[com.google.firebase:firebase-common:19.3.0] AndroidManifest.xml:28:13-72
148            android:exported="false"
148-->[com.google.firebase:firebase-common:19.3.0] AndroidManifest.xml:29:13-37
149            android:initOrder="100" />
149-->[com.google.firebase:firebase-common:19.3.0] AndroidManifest.xml:30:13-36
150
151        <meta-data
151-->[com.google.android.gms:play-services-basement:17.0.0] AndroidManifest.xml:23:9-25:69
152            android:name="com.google.android.gms.version"
152-->[com.google.android.gms:play-services-basement:17.0.0] AndroidManifest.xml:24:13-58
153            android:value="@integer/google_play_services_version" />
153-->[com.google.android.gms:play-services-basement:17.0.0] AndroidManifest.xml:25:13-66
154    </application>
155
156</manifest>